<?xml version="1.0" encoding="UTF-8"?>
<!-- Generated by org.testng.reporters.JUnitXMLReporter -->
<testsuite ignored="1" hostname="DESKTOP-AD0IE47" failures="0" tests="7" name="ExpectedConditionsTests" time="9.064" errors="0" timestamp="2025-10-30T10:35:39 CET">
  <testcase classname="lab.tests.ExpectedConditionsTests" name="testAlertIsPresent" time="1.036"/>
  <testcase classname="lab.tests.ExpectedConditionsTests" name="testCustomExpectedCondition" time="0.281"/>
  <testcase classname="lab.tests.ExpectedConditionsTests" name="testElementToBeClickable" time="0.47"/>
  <testcase classname="lab.tests.ExpectedConditionsTests" name="testFrameToBeAvailableAndSwitchToIt" time="0.31"/>
  <testcase classname="lab.tests.ExpectedConditionsTests" name="testPresenceOfElementLocatedAndTitleAndUrl" time="0.119"/>
  <testcase classname="lab.tests.ExpectedConditionsTests" name="testTextToBePresentInElementLocated" time="1.272"/>
  <testcase classname="lab.tests.ExpectedConditionsTests" name="testVisibilityOfElementLocated" time="0.916"/>
  <testcase classname="lab.tests.ExpectedConditionsTests" name="testElementToBeSelected" time="0.0">
    <ignored/>
  </testcase> <!-- testElementToBeSelected -->
</testsuite> <!-- ExpectedConditionsTests -->
