<?xml version="1.0" encoding="UTF-8"?>
<testng-results ignored="0" total="7" passed="7" failed="0" skipped="0">
  <reporter-output>
  </reporter-output>
  <suite started-at="2025-10-30T10:35:30 CET" name="ExpectedConditions Suite" finished-at="2025-10-30T10:35:39 CET" duration-ms="9064">
    <groups>
    </groups>
    <test started-at="2025-10-30T10:35:30 CET" name="ExpectedConditionsTests" finished-at="2025-10-30T10:35:39 CET" duration-ms="9064">
      <class name="lab.tests.ExpectedConditionsTests">
        <test-method is-config="true" signature="startServer()[pri:0, instance:lab.tests.ExpectedConditionsTests@55b7a4e0]" started-at="2025-10-30T10:35:30 CET" name="startServer" finished-at="2025-10-30T10:35:30 CET" duration-ms="148" status="PASS">
          <reporter-output>
          </reporter-output>
        </test-method> <!-- startServer -->
        <test-method is-config="true" signature="setup()[pri:0, instance:lab.tests.ExpectedConditionsTests@55b7a4e0]" started-at="2025-10-30T10:35:30 CET" name="setup" finished-at="2025-10-30T10:35:34 CET" duration-ms="4141" status="PASS">
          <reporter-output>
          </reporter-output>
        </test-method> <!-- setup -->
        <test-method signature="testAlertIsPresent()[pri:0, instance:lab.tests.ExpectedConditionsTests@55b7a4e0]" started-at="2025-10-30T10:35:34 CET" name="testAlertIsPresent" finished-at="2025-10-30T10:35:35 CET" duration-ms="1036" status="PASS">
          <reporter-output>
          </reporter-output>
        </test-method> <!-- testAlertIsPresent -->
        <test-method signature="testCustomExpectedCondition()[pri:0, instance:lab.tests.ExpectedConditionsTests@55b7a4e0]" started-at="2025-10-30T10:35:35 CET" name="testCustomExpectedCondition" finished-at="2025-10-30T10:35:36 CET" duration-ms="281" status="PASS">
          <reporter-output>
          </reporter-output>
        </test-method> <!-- testCustomExpectedCondition -->
        <test-method signature="testElementToBeClickable()[pri:0, instance:lab.tests.ExpectedConditionsTests@55b7a4e0]" started-at="2025-10-30T10:35:36 CET" name="testElementToBeClickable" finished-at="2025-10-30T10:35:36 CET" duration-ms="470" status="PASS">
          <reporter-output>
          </reporter-output>
        </test-method> <!-- testElementToBeClickable -->
        <test-method signature="testFrameToBeAvailableAndSwitchToIt()[pri:0, instance:lab.tests.ExpectedConditionsTests@55b7a4e0]" started-at="2025-10-30T10:35:36 CET" name="testFrameToBeAvailableAndSwitchToIt" finished-at="2025-10-30T10:35:37 CET" duration-ms="310" status="PASS">
          <reporter-output>
          </reporter-output>
        </test-method> <!-- testFrameToBeAvailableAndSwitchToIt -->
        <test-method signature="testPresenceOfElementLocatedAndTitleAndUrl()[pri:0, instance:lab.tests.ExpectedConditionsTests@55b7a4e0]" started-at="2025-10-30T10:35:37 CET" name="testPresenceOfElementLocatedAndTitleAndUrl" finished-at="2025-10-30T10:35:37 CET" duration-ms="119" status="PASS">
          <reporter-output>
          </reporter-output>
        </test-method> <!-- testPresenceOfElementLocatedAndTitleAndUrl -->
        <test-method signature="testTextToBePresentInElementLocated()[pri:0, instance:lab.tests.ExpectedConditionsTests@55b7a4e0]" started-at="2025-10-30T10:35:37 CET" name="testTextToBePresentInElementLocated" finished-at="2025-10-30T10:35:38 CET" duration-ms="1272" status="PASS">
          <reporter-output>
          </reporter-output>
        </test-method> <!-- testTextToBePresentInElementLocated -->
        <test-method signature="testVisibilityOfElementLocated()[pri:0, instance:lab.tests.ExpectedConditionsTests@55b7a4e0]" started-at="2025-10-30T10:35:38 CET" name="testVisibilityOfElementLocated" finished-at="2025-10-30T10:35:39 CET" duration-ms="916" status="PASS">
          <reporter-output>
          </reporter-output>
        </test-method> <!-- testVisibilityOfElementLocated -->
        <test-method is-config="true" signature="tearDown()[pri:0, instance:lab.tests.ExpectedConditionsTests@55b7a4e0]" started-at="2025-10-30T10:35:39 CET" name="tearDown" finished-at="2025-10-30T10:35:39 CET" duration-ms="434" status="PASS">
          <reporter-output>
          </reporter-output>
        </test-method> <!-- tearDown -->
        <test-method is-config="true" signature="stopServer()[pri:0, instance:lab.tests.ExpectedConditionsTests@55b7a4e0]" started-at="2025-10-30T10:35:39 CET" name="stopServer" finished-at="2025-10-30T10:35:39 CET" duration-ms="1" status="PASS">
          <reporter-output>
          </reporter-output>
        </test-method> <!-- stopServer -->
      </class> <!-- lab.tests.ExpectedConditionsTests -->
    </test> <!-- ExpectedConditionsTests -->
  </suite> <!-- ExpectedConditions Suite -->
</testng-results>
