<?xml version="1.0" encoding="UTF-8"?>
<testng-results ignored="0" total="2" passed="2" failed="0" skipped="0">
  <reporter-output>
  </reporter-output>
  <suite started-at="2025-10-30T12:46:56 CET" name="Surefire suite" finished-at="2025-10-30T12:47:15 CET" duration-ms="19545">
    <groups>
    </groups>
    <test started-at="2025-10-30T12:46:56 CET" name="Surefire test" finished-at="2025-10-30T12:47:15 CET" duration-ms="19545">
      <class name="com.gfg.AppTest">
        <test-method signature="testLoginInChrome()[pri:0, instance:com.gfg.AppTest@4f638935]" started-at="2025-10-30T12:46:56 CET" name="testLoginInChrome" finished-at="2025-10-30T12:47:02 CET" duration-ms="6744" status="PASS">
          <reporter-output>
          </reporter-output>
        </test-method> <!-- testLoginInChrome -->
        <test-method signature="testLoginInFirefox()[pri:0, instance:com.gfg.AppTest@4f638935]" started-at="2025-10-30T12:47:02 CET" name="testLoginInFirefox" finished-at="2025-10-30T12:47:15 CET" duration-ms="12723" status="PASS">
          <reporter-output>
          </reporter-output>
        </test-method> <!-- testLoginInFirefox -->
      </class> <!-- com.gfg.AppTest -->
    </test> <!-- Surefire test -->
  </suite> <!-- Surefire suite -->
</testng-results>
