-------------------------------------------------------------------------------
Test set: hellocucumber.RunCucumberTest
-------------------------------------------------------------------------------
Tests run: 2, Failures: 0, Errors: 2, Skipped: 0, Time elapsed: 0.518 s <<< FAILURE! -- in hellocucumber.RunCucumberTest
hellocucumber.RunCucumberTest.An example - The example -- Time elapsed: 0.275 s <<< ERROR!
io.cucumber.junit.platform.engine.UndefinedStepException: 
The step 'an example scenario' and 2 other step(s) are undefined.
You can implement these steps using the snippet(s) below:

@Given("an example scenario")
public void an_example_scenario() {
    // Write code here that turns the phrase above into concrete actions
    throw new io.cucumber.java.PendingException();
}
@When("all step definitions are implemented")
public void all_step_definitions_are_implemented() {
    // Write code here that turns the phrase above into concrete actions
    throw new io.cucumber.java.PendingException();
}
@Then("the scenario passes")
public void the_scenario_passes() {
    // Write code here that turns the phrase above into concrete actions
    throw new io.cucumber.java.PendingException();
}

	at ✽.an example scenario(classpath:hellocucumber/example.feature:4)

hellocucumber.RunCucumberTest.Is it Friday yet? - Sunday isn't Friday -- Time elapsed: 0.027 s <<< ERROR!
io.cucumber.java.PendingException: TODO: implement me
	at hellocucumber.StepDefinitions.today_is_sunday(StepDefinitions.java:12)
	at ✽.today is Sunday(classpath:hellocucumber/is_it_friday_yet.feature:5)

