<?xml version="1.0" encoding="UTF-8"?>
<testsuite xmlns:xsi="http://www.w3.org/2001/XMLSchema-instance" xsi:noNamespaceSchemaLocation="https://maven.apache.org/surefire/maven-surefire-plugin/xsd/surefire-test-report.xsd" version="3.0.2" name="hellocucumber.RunCucumberTest" time="0.518" tests="2" errors="2" skipped="0" failures="0">
  <properties>
[...]
</properties>
  <testcase name="An example - The example" classname="RunCucumberTest" time="0.275">
    <error message="The step &apos;an example scenario&apos; and 2 other step(s) are undefined.&#10;You can implement these steps using the snippet(s) below:&#10;&#10;@Given(&quot;an example scenario&quot;)&#10;public void an_example_scenario() {&#10;    // Write code here that turns the phrase above into concrete actions&#10;    throw new io.cucumber.java.PendingException();&#10;}&#10;@When(&quot;all step definitions are implemented&quot;)&#10;public void all_step_definitions_are_implemented() {&#10;    // Write code here that turns the phrase above into concrete actions&#10;    throw new io.cucumber.java.PendingException();&#10;}&#10;@Then(&quot;the scenario passes&quot;)&#10;public void the_scenario_passes() {&#10;    // Write code here that turns the phrase above into concrete actions&#10;    throw new io.cucumber.java.PendingException();&#10;}&#10;" type="io.cucumber.junit.platform.engine.UndefinedStepException"><![CDATA[io.cucumber.junit.platform.engine.UndefinedStepException: 
The step 'an example scenario' and 2 other step(s) are undefined.
You can implement these steps using the snippet(s) below:

@Given("an example scenario")
public void an_example_scenario() {
    // Write code here that turns the phrase above into concrete actions
    throw new io.cucumber.java.PendingException();
}
@When("all step definitions are implemented")
public void all_step_definitions_are_implemented() {
    // Write code here that turns the phrase above into concrete actions
    throw new io.cucumber.java.PendingException();
}
@Then("the scenario passes")
public void the_scenario_passes() {
    // Write code here that turns the phrase above into concrete actions
    throw new io.cucumber.java.PendingException();
}

	at ✽.an example scenario(classpath:hellocucumber/example.feature:4)
]]></error>
    <system-out><![CDATA[
&amp#27;[1mScenario:&amp#27;[22m The example                         &amp#27;[90m# classpath:hellocucumber/example.feature:3&amp#27;[39m
  &amp#27;[33mâ– &amp#27;[39m &amp#27;[33m&amp#27;[1mGiven &amp#27;[22man example scenario&amp#27;[39m
  &amp#27;[36mâ†·&amp#27;[39m &amp#27;[36m&amp#27;[1mWhen &amp#27;[22mall step definitions are implemented&amp#27;[39m
  &amp#27;[36mâ†·&amp#27;[39m &amp#27;[36m&amp#27;[1mThen &amp#27;[22mthe scenario passes&amp#27;[39m
]]></system-out>
  </testcase>
  <testcase name="Is it Friday yet? - Sunday isn&apos;t Friday" classname="RunCucumberTest" time="0.027">
    <error message="TODO: implement me" type="io.cucumber.java.PendingException"><![CDATA[io.cucumber.java.PendingException: TODO: implement me
	at hellocucumber.StepDefinitions.today_is_sunday(StepDefinitions.java:12)
	at ✽.today is Sunday(classpath:hellocucumber/is_it_friday_yet.feature:5)
]]></error>
    <system-out><![CDATA[
&amp#27;[1mScenario:&amp#27;[22m Sunday isn't Friday          &amp#27;[90m# classpath:hellocucumber/is_it_friday_yet.feature:4&amp#27;[39m
  &amp#27;[33mâ– &amp#27;[39m &amp#27;[33m&amp#27;[1mGiven &amp#27;[22mtoday is Sunday&amp#27;[39m              &amp#27;[90m# hellocucumber.StepDefinitions.today_is_sunday()&amp#27;[39m
        &amp#27;[33mio.cucumber.java.PendingException: TODO: implement me&amp#27;[39m
        &amp#27;[33m	at hellocucumber.StepDefinitions.today_is_sunday(StepDefinitions.java:12)&amp#27;[39m
        &amp#27;[33m	at âœ½.today is Sunday(classpath:hellocucumber/is_it_friday_yet.feature:5)&amp#27;[39m
  &amp#27;[36mâ†·&amp#27;[39m &amp#27;[36m&amp#27;[1mWhen &amp#27;[22mI ask whether it's Friday yet&amp#27;[39m &amp#27;[90m# hellocucumber.StepDefinitions.i_ask_whether_it_s_friday_yet()&amp#27;[39m
  &amp#27;[36mâ†·&amp#27;[39m &amp#27;[36m&amp#27;[1mThen &amp#27;[22mI should be told &amp#27;[1m"Nope"&amp#27;[22m&amp#27;[39m       &amp#27;[90m# hellocucumber.StepDefinitions.i_should_be_told(java.lang.String)&amp#27;[39m
]]></system-out>
  </testcase>
</testsuite>